<?xml version="1.0" encoding="UTF-8"?>
<!-- Generated by org.testng.reporters.JUnitReportReporter -->
<testsuite hostname="DESKTOP-6NT5NBC" failures="0" tests="3" name="ui_validation.SkipTestMethod" time="0.107" errors="0" timestamp="2023-05-17T21:50:49 ALMT" skipped="2">
  <testcase classname="ui_validation.SkipTestMethod" name="skipTest3" time="0.006"/>
  <system-out/>
  <testcase classname="ui_validation.SkipTestMethod" name="skipTest2" time="0.101">
    <skipped/>
  </testcase> <!-- skipTest2 -->
  <system-out/>
  <testcase classname="ui_validation.SkipTestMethod" name="skipTest1">
    <skipped/>
  </testcase> <!-- skipTest1 -->
  <system-out/>
</testsuite> <!-- ui_validation.SkipTestMethod -->
