<?xml version="1.0" encoding="UTF-8"?>
<!-- Generated by org.testng.reporters.JUnitReportReporter -->
<testsuite hostname="DESKTOP-6NT5NBC" failures="0" tests="1" name="ui_validation.ValidationTittleByAssertion" time="64.667" errors="0" timestamp="2023-05-17T18:32:52 ALMT" skipped="0">
  <testcase classname="ui_validation.ValidationTittleByAssertion" name="titleTest" time="64.667"/>
  <system-out/>
</testsuite> <!-- ui_validation.ValidationTittleByAssertion -->
