<?xml version="1.0" encoding="UTF-8"?>
<!-- Generated by org.testng.reporters.JUnitReportReporter -->
<testsuite hostname="DESKTOP-6NT5NBC" failures="0" tests="2" name="ui_validation.BeforeClass_BeforeGroups" time="0.009" errors="0" timestamp="2023-05-18T01:05:29 ALMT" skipped="0">
  <testcase classname="ui_validation.BeforeClass_BeforeGroups" name="Test3" time="0.004"/>
  <system-out/>
  <testcase classname="ui_validation.BeforeClass_BeforeGroups" name="Test2" time="0.005"/>
  <system-out/>
</testsuite> <!-- ui_validation.BeforeClass_BeforeGroups -->
