<?xml version="1.0" encoding="UTF-8"?>
<!-- Generated by org.testng.reporters.JUnitReportReporter -->
<testsuite hostname="DESKTOP-6NT5NBC" failures="0" tests="8" name="ui_validation.DataProviderMove" time="0.044" errors="0" timestamp="2023-05-27T11:25:43 ALMT" skipped="0">
  <testcase classname="ui_validation.DataProviderMove" name="test" time="0.002"/>
  <system-out/>
  <testcase classname="ui_validation.DataProviderMove" name="test1" time="0.008"/>
  <system-out/>
  <testcase classname="ui_validation.DataProviderMove" name="test" time="0.002"/>
  <system-out/>
  <testcase classname="ui_validation.DataProviderMove" name="test1" time="0.002"/>
  <system-out/>
  <testcase classname="ui_validation.DataProviderMove" name="test" time="0.001"/>
  <system-out/>
  <testcase classname="ui_validation.DataProviderMove" name="test1" time="0.008"/>
  <system-out/>
  <testcase classname="ui_validation.DataProviderMove" name="test" time="0.019"/>
  <system-out/>
  <testcase classname="ui_validation.DataProviderMove" name="test1" time="0.002"/>
  <system-out/>
</testsuite> <!-- ui_validation.DataProviderMove -->
