<?xml version="1.0" encoding="UTF-8"?>
<!-- Generated by org.testng.reporters.JUnitReportReporter -->
<testsuite hostname="DESKTOP-6NT5NBC" failures="0" tests="1" name="ui_validation.ValidateTitleAndText_softAssert" time="48.964" errors="0" timestamp="2023-05-17T18:32:52 ALMT" skipped="0">
  <testcase classname="ui_validation.ValidateTitleAndText_softAssert" name="titleTest" time="48.964"/>
  <system-out/>
</testsuite> <!-- ui_validation.ValidateTitleAndText_softAssert -->
