<?xml version="1.0" encoding="UTF-8"?>
<!-- Generated by org.testng.reporters.JUnitReportReporter -->
<testsuite hostname="DESKTOP-6NT5NBC" failures="0" tests="2" name="ui_validation.TestNG_Annotation" time="0.011" errors="0" timestamp="2023-05-17T18:32:52 ALMT" skipped="0">
  <testcase classname="ui_validation.TestNG_Annotation" name="Test1" time="0.003"/>
  <system-out/>
  <testcase classname="ui_validation.TestNG_Annotation" name="Test2" time="0.008"/>
  <system-out/>
</testsuite> <!-- ui_validation.TestNG_Annotation -->
