<?xml version="1.0" encoding="UTF-8"?>
<!-- Generated by org.testng.reporters.JUnitReportReporter -->
<testsuite hostname="DESKTOP-6NT5NBC" failures="0" tests="8" name="ui_validation.DataProviderLearning" time="0.044" errors="0" timestamp="2023-05-18T13:17:39 ALMT" skipped="0">
  <testcase classname="ui_validation.DataProviderLearning" name="test1" time="0.003"/>
  <system-out/>
  <testcase classname="ui_validation.DataProviderLearning" name="test1" time="0.002"/>
  <system-out/>
  <testcase classname="ui_validation.DataProviderLearning" name="test1" time="0.015"/>
  <system-out/>
  <testcase classname="ui_validation.DataProviderLearning" name="test1" time="0.004"/>
  <system-out/>
  <testcase classname="ui_validation.DataProviderLearning" name="test" time="0.006"/>
  <system-out/>
  <testcase classname="ui_validation.DataProviderLearning" name="test" time="0.002"/>
  <system-out/>
  <testcase classname="ui_validation.DataProviderLearning" name="test" time="0.007"/>
  <system-out/>
  <testcase classname="ui_validation.DataProviderLearning" name="test" time="0.005"/>
  <system-out/>
</testsuite> <!-- ui_validation.DataProviderLearning -->
