<?xml version="1.0" encoding="UTF-8"?>
<!-- Generated by org.testng.reporters.JUnitReportReporter -->
<testsuite hostname="DESKTOP-6NT5NBC" failures="0" tests="4" name="ui_validation.HowToGroup_TestCases" time="0.022" errors="0" timestamp="2023-05-18T10:48:18 ALMT" skipped="0">
  <testcase classname="ui_validation.HowToGroup_TestCases" name="Test3" time="0.011"/>
  <system-out/>
  <testcase classname="ui_validation.HowToGroup_TestCases" name="Test4" time="0.005"/>
  <system-out/>
  <testcase classname="ui_validation.HowToGroup_TestCases" name="Test2" time="0.004"/>
  <system-out/>
  <testcase classname="ui_validation.HowToGroup_TestCases" name="Test1" time="0.002"/>
  <system-out/>
</testsuite> <!-- ui_validation.HowToGroup_TestCases -->
