<?xml version="1.0" encoding="UTF-8"?>
<!-- Generated by org.testng.reporters.JUnitReportReporter -->
<testsuite hostname="DESKTOP-6NT5NBC" failures="0" tests="1" name="ui_validation.FirstTestNG_login" time="0.010" errors="0" timestamp="2023-05-18T00:08:40 ALMT" skipped="0">
  <testcase classname="ui_validation.FirstTestNG_login" name="Test2" time="0.010"/>
  <system-out/>
</testsuite> <!-- ui_validation.FirstTestNG_login -->
