<?xml version="1.0" encoding="UTF-8"?>
<!-- Generated by org.testng.reporters.JUnitReportReporter -->
<testsuite hostname="DESKTOP-6NT5NBC" failures="0" tests="4" name="ui_validation.DataProviderLiveTest" time="92.250" errors="0" timestamp="2023-05-27T15:07:11 ALMT" skipped="0">
  <testcase classname="ui_validation.DataProviderLiveTest" name="test1" time="38.576"/>
  <system-out/>
  <testcase classname="ui_validation.DataProviderLiveTest" name="test1" time="20.588"/>
  <system-out/>
  <testcase classname="ui_validation.DataProviderLiveTest" name="test1" time="19.086"/>
  <system-out/>
  <testcase classname="ui_validation.DataProviderLiveTest" name="test1" time="14.000"/>
  <system-out/>
</testsuite> <!-- ui_validation.DataProviderLiveTest -->
